<?xml version="1.0" encoding="UTF-8"?>
<!-- Generated by org.testng.reporters.JUnitReportReporter -->
<testsuite hostname="MSI" failures="0" tests="1" name="Test_GET" time="2.060" errors="0" timestamp="2022-04-20T21:41:11 EDT" skipped="0">
  <testcase classname="Test_GET" name="test_1" time="2.060"/>
  <system-out/>
</testsuite> <!-- Test_GET -->
