<?xml version="1.0" encoding="UTF-8"?>
<!-- Generated by org.testng.reporters.JUnitReportReporter -->
<testsuite hostname="MSI" failures="0" tests="1" name="Test01_GET" time="2.063" errors="0" timestamp="2022-04-20T21:13:46 EDT" skipped="0">
  <testcase classname="Test01_GET" name="test_02" time="2.063"/>
  <system-out/>
</testsuite> <!-- Test01_GET -->
