<?xml version="1.0" encoding="UTF-8"?>
<!-- Generated by org.testng.reporters.JUnitReportReporter -->
<testsuite hostname="MSI" failures="0" tests="2" name="DataDrivenExamples" time="1.713" errors="0" timestamp="2022-04-21T20:42:11 EDT" skipped="0">
  <testcase classname="DataDrivenExamples" name="test_post" time="1.659"/>
  <system-out/>
  <testcase classname="DataDrivenExamples" name="test_post" time="0.054"/>
  <system-out/>
</testsuite> <!-- DataDrivenExamples -->
