<?xml version="1.0" encoding="UTF-8"?>
<!-- Generated by org.testng.reporters.JUnitReportReporter -->
<testsuite hostname="MSI" failures="0" tests="1" name="Examples" time="1.446" errors="0" timestamp="2022-04-21T16:09:36 EDT" skipped="0">
  <testcase classname="Examples" name="test_delete" time="1.446"/>
  <system-out/>
</testsuite> <!-- Examples -->
