<?xml version="1.0" encoding="UTF-8"?>
<!-- Generated by org.testng.reporters.JUnitReportReporter -->
<testsuite hostname="MSI" failures="0" tests="1" name="Test_POST" time="1.633" errors="0" timestamp="2022-04-20T22:05:01 EDT" skipped="0">
  <testcase classname="Test_POST" name="test_4_delete" time="1.633"/>
  <system-out/>
</testsuite> <!-- Test_POST -->
